04-30 15:30:10.610  3026  3026 D jni_lib_merge: Preparing to register libreactnativeblob_so.  onload_func: 0x7e4b1e9d12a0
04-30 15:30:10.610  3026  3026 D jni_lib_merge: Preparing to register libreactnativejni_so.  onload_func: 0x7e4b1ea2dc20
04-30 15:30:10.651  3026  3026 D jni_lib_merge: Preparing to register libreactnativeblob_so.  onload_func: 0x7e4b1e9d12a0
04-30 15:30:10.651  3026  3026 D jni_lib_merge: Preparing to register libreactnativejni_so.  onload_func: 0x7e4b1ea2dc20
04-30 15:30:10.675  3026  3026 D jni_lib_merge: Preparing to register libreactnativeblob_so.  onload_func: 0x7e4b1e9d12a0
04-30 15:30:10.675  3026  3026 D jni_lib_merge: Preparing to register libreactnativejni_so.  onload_func: 0x7e4b1ea2dc20
04-30 15:30:11.437  3026  3026 W unknown:ReactNative: Packager connection already open, nooping.
04-30 15:30:34.128  3026  3026 W unknown:ReactNative: Packager connection already open, nooping.
04-30 15:30:34.659  3026  3962 W unknown:ViewManagerPropertyUpdater: Could not find generated setter for class com.reactnativecommunity.picker.ReactDialogPickerManager
04-30 15:30:34.662  3026  3962 W unknown:ViewManagerPropertyUpdater: Could not find generated setter for class com.reactnativecommunity.picker.ReactPickerShadowNode
04-30 15:30:34.663  3026  3962 W unknown:ViewManagerPropertyUpdater: Could not find generated setter for class com.reactnativecommunity.picker.ReactDropdownPickerManager
04-30 15:30:35.041  3026  3962 I ReactNativeJS: Running "VolunteerAmbulanceApp" with {"rootTag":11,"initialProps":{},"fabric":true}
04-30 15:32:17.686  3026  3026 W unknown:ReactNative: Packager connection already open, nooping.
04-30 15:32:17.722  3026  3962 W unknown:ReactNative: Tried to enqueue runnable on already finished thread: 'v_native... dropping Runnable.
04-30 15:32:17.722  3026  3962 W unknown:ReactNative: Tried to enqueue runnable on already finished thread: 'v_native... dropping Runnable.
04-30 15:32:17.733  3026  3183 E unknown:ReactNative: Tried to remove non-existent frame callback
04-30 15:32:17.738  3026  3183 W ReactNativeJNI: Scheduler::~Scheduler() was called (address: 0x7e4c3fb4fcd0).
04-30 15:32:17.746  3026  3183 W unknown:ReactNative: Tried to enqueue runnable on already finished thread: 'v_native... dropping Runnable.
04-30 15:32:17.747  3026  3183 W unknown:ReactNative: Tried to enqueue runnable on already finished thread: 'v_native... dropping Runnable.
04-30 15:32:17.747  3026  3183 W unknown:ReactNative: Tried to enqueue runnable on already finished thread: 'v_native... dropping Runnable.
04-30 15:32:17.747  3026  3183 W unknown:ReactNative: Tried to enqueue runnable on already finished thread: 'v_native... dropping Runnable.
04-30 15:32:17.747  3026  3183 W unknown:ReactNative: Tried to enqueue runnable on already finished thread: 'v_native... dropping Runnable.
04-30 15:32:17.748  3026  3183 W unknown:ReactNative: Tried to enqueue runnable on already finished thread: 'v_native... dropping Runnable.
04-30 15:32:17.748  3026  3183 W unknown:ReactNative: Tried to enqueue runnable on already finished thread: 'v_native... dropping Runnable.
04-30 15:32:17.750  3026  3183 W unknown:ReactNative: Tried to enqueue runnable on already finished thread: 'v_native... dropping Runnable.
04-30 15:32:17.750  3026  3183 W unknown:ReactNative: Tried to enqueue runnable on already finished thread: 'v_native... dropping Runnable.
04-30 15:32:17.750  3026  3183 W unknown:ReactNative: Tried to enqueue runnable on already finished thread: 'v_native... dropping Runnable.
04-30 15:32:17.750  3026  3183 W unknown:ReactNative: Tried to enqueue runnable on already finished thread: 'v_native... dropping Runnable.
04-30 15:32:17.751  3026  3183 W ReactNativeJNI: UIManagerBinding::~UIManagerBinding() was called (address: 0x7e4c3fb4cc68).
04-30 15:32:17.751  3026  3183 W ReactNativeJNI: UIManager::~UIManager() was called (address: 0x7e4c7fb4f530).
04-30 15:32:17.761  3026  3183 W unknown:ReactNative: Tried to enqueue runnable on already finished thread: 'v_native... dropping Runnable.
04-30 15:32:17.762  3026  3183 W unknown:ReactNative: Tried to enqueue runnable on already finished thread: 'v_native... dropping Runnable.
04-30 15:32:17.762  3026  3183 W unknown:ReactNative: Tried to enqueue runnable on already finished thread: 'v_native... dropping Runnable.
04-30 15:32:17.762  3026  3183 W unknown:ReactNative: Tried to enqueue runnable on already finished thread: 'v_native... dropping Runnable.
04-30 15:32:17.762  3026  3183 W unknown:ReactNative: Tried to enqueue runnable on already finished thread: 'v_native... dropping Runnable.
04-30 15:32:17.762  3026  3183 W unknown:ReactNative: Tried to enqueue runnable on already finished thread: 'v_native... dropping Runnable.
04-30 15:32:17.762  3026  3183 W unknown:ReactNative: Tried to enqueue runnable on already finished thread: 'v_native... dropping Runnable.
04-30 15:32:17.763  3026  3183 W unknown:ReactNative: Tried to enqueue runnable on already finished thread: 'v_native... dropping Runnable.
04-30 15:32:18.431  3026  3183 W unknown:ReactNative: Inspector connection already open, nooping.
04-30 15:32:18.471  3026  3026 W unknown:ReactNative: Packager connection already open, nooping.
04-30 15:32:18.635  3026  5217 W unknown:ViewManagerPropertyUpdater: Could not find generated setter for class com.reactnativecommunity.picker.ReactDialogPickerManager
04-30 15:32:18.636  3026  5217 W unknown:ViewManagerPropertyUpdater: Could not find generated setter for class com.reactnativecommunity.picker.ReactPickerShadowNode
04-30 15:32:18.636  3026  5217 W unknown:ViewManagerPropertyUpdater: Could not find generated setter for class com.reactnativecommunity.picker.ReactDropdownPickerManager
04-30 15:32:18.763  3026  5217 I ReactNativeJS: Running "VolunteerAmbulanceApp" with {"rootTag":21,"initialProps":{},"fabric":true}
04-30 15:38:23.843  3026  5217 E ReactNativeJS: { [Error: undefined Unable to resolve module ./App from C:\VAApp\index.js: 
04-30 15:38:23.843  3026  5217 E ReactNativeJS: 
04-30 15:38:23.843  3026  5217 E ReactNativeJS: None of these files exist:
04-30 15:38:23.843  3026  5217 E ReactNativeJS:   * App(.android.js|.native.js|.js|.android.jsx|.native.jsx|.jsx|.android.json|.native.json|.json|.android.ts|.native.ts|.ts|.android.tsx|.native.tsx|.tsx)
04-30 15:38:23.843  3026  5217 E ReactNativeJS:   * App
04-30 15:38:23.843  3026  5217 E ReactNativeJS: [0m [90m 1 |[39m [36mimport[39m { [33mAppRegistry[39m } [36mfrom[39m [32m'react-native'[39m[33m;[39m
04-30 15:38:23.843  3026  5217 E ReactNativeJS: [31m[1m>[22m[39m[90m 2 |[39m [36mimport[39m [33mApp[39m [36mfrom[39m [32m'./App'[39m[33m;[39m
04-30 15:38:23.843  3026  5217 E ReactNativeJS:  [90m   |[39m                  [31m[1m^[22m[39m
04-30 15:38:23.843  3026  5217 E ReactNativeJS:  [90m 3 |[39m [36mimport[39m { name [36mas[39m appName } [36mfrom[39m [32m'./app.json'[39m[33m;[39m
04-30 15:38:23.843  3026  5217 E ReactNativeJS:  [90m 4 |[39m
04-30 15:38:23.843  3026  5217 E ReactNativeJS:  [90m 5 |[39m [33mAppRegistry[39m[33m.[39mregisterComponent(appName[33m,[39m () [33m=>[39m [33mApp[39m)[33m;[39m[0m] preventSymbolication: true }
04-30 15:41:15.439  3026  5217 E ReactNativeJS: { [Error: undefined Unable to resolve module ./src/navigation from C:\VAApp\app.js: 
04-30 15:41:15.439  3026  5217 E ReactNativeJS: 
04-30 15:41:15.439  3026  5217 E ReactNativeJS: None of these files exist:
04-30 15:41:15.439  3026  5217 E ReactNativeJS:   * src\navigation(.android.js|.native.js|.js|.android.jsx|.native.jsx|.jsx|.android.json|.native.json|.json|.android.ts|.native.ts|.ts|.android.tsx|.native.tsx|.tsx)
04-30 15:41:15.439  3026  5217 E ReactNativeJS:   * src\navigation\index(.android.js|.native.js|.js|.android.jsx|.native.jsx|.jsx|.android.json|.native.json|.json|.android.ts|.native.ts|.ts|.android.tsx|.native.tsx|.tsx)
04-30 15:41:15.439  3026  5217 E ReactNativeJS: [0m [90m 1 |[39m [36mimport[39m [33mReact[39m [36mfrom[39m [32m'react'[39m[33m;[39m
04-30 15:41:15.439  3026  5217 E ReactNativeJS:  [90m 2 |[39m [36mimport[39m { [33mGestureHandlerRootView[39m } [36mfrom[39m [32m'react-native-gesture-handler'[39m[33m;[39m
04-30 15:41:15.439  3026  5217 E ReactNativeJS: [31m[1m>[22m[39m[90m 3 |[39m [36mimport[39m [33mNavigation[39m [36mfrom[39m [32m'./src/navigation'[39m[33m;[39m [90m// 👈 make sure this path is correct[39m
04-30 15:41:15.439  3026  5217 E ReactNativeJS:  [90m   |[39m                         [31m[1m^[22m[39m
04-30 15:41:15.439  3026  5217 E ReactNativeJS:  [90m 4 |[39m
04-30 15:41:15.439  3026  5217 E ReactNativeJS:  [90m 5 |[39m [36mexport[39m [36mdefault[39m [36mfunction[39m [33mApp[39m() {
04-30 15:41:15.439  3026  5217 E ReactNativeJS:  [90m 6 |[39m   [36mreturn[39m ([0m] preventSymbolication: true }
04-30 15:41:36.035  3026  3183 I ReactNativeJNI: Memory warning (pressure level: TRIM_MEMORY_UI_HIDDEN) received by JS VM, ignoring because it's non-severe
04-30 15:41:38.417  5427  5427 D jni_lib_merge: Preparing to register libreactnativeblob_so.  onload_func: 0x7e4b1e9e72a0
04-30 15:41:38.417  5427  5427 D jni_lib_merge: Preparing to register libreactnativejni_so.  onload_func: 0x7e4b1ea43c20
04-30 15:41:38.465  5427  5427 D jni_lib_merge: Preparing to register libreactnativeblob_so.  onload_func: 0x7e4b1e9e72a0
04-30 15:41:38.465  5427  5427 D jni_lib_merge: Preparing to register libreactnativejni_so.  onload_func: 0x7e4b1ea43c20
04-30 15:41:38.493  5427  5427 D jni_lib_merge: Preparing to register libreactnativeblob_so.  onload_func: 0x7e4b1e9e72a0
04-30 15:41:38.493  5427  5427 D jni_lib_merge: Preparing to register libreactnativejni_so.  onload_func: 0x7e4b1ea43c20
04-30 15:41:39.275  5427  5427 W unknown:ReactNative: Packager connection already open, nooping.
04-30 15:41:39.315  5427  5457 W unknown:ReactNative: Could not parse DebugServerException from: {"originModulePath":"C:\\VAApp\\app.js","targetModuleName":"./src/navigation","message":"Unable to resolve module ./src/navigation from C:\\VAApp\\app.js: \n\nNone of these files exist:\n  * src\\navigation(.android.js|.native.js|.js|.android.jsx|.native.jsx|.jsx|.android.json|.native.json|.json|.android.ts|.native.ts|.ts|.android.tsx|.native.tsx|.tsx)\n  * src\\navigation\\index(.android.js|.native.js|.js|.android.jsx|.native.jsx|.jsx|.android.json|.native.json|.json|.android.ts|.native.ts|.ts|.android.tsx|.native.tsx|.tsx)\n\u001b[0m \u001b[90m 1 |\u001b[39m \u001b[36mimport\u001b[39m \u001b[33mReact\u001b[39m \u001b[36mfrom\u001b[39m \u001b[32m'react'\u001b[39m\u001b[33m;\u001b[39m\n \u001b[90m 2 |\u001b[39m \u001b[36mimport\u001b[39m { \u001b[33mGestureHandlerRootView\u001b[39m } \u001b[36mfrom\u001b[39m \u001b[32m'react-native-gesture-handler'\u001b[39m\u001b[33m;\u001b[39m\n\u001b[31m\u001b[1m>\u001b[22m\u001b[39m\u001b[90m 3 |\u001b[39m \u001b[36mimport\u001b[39m \u001b[33mNavigation\u001b[39m \u001b[36mfrom\u001b[39m \u001b[32m'./src/navigation'\u001b[39m\u001b[33m;\u001b[39m \u001b[90m// 👈 make sure this path is correct\u001b[39m\n \u001b[90m   |\u001b[39m                         \u001b[31m\u001b[1m^\u001b[22m\u001b[39m\n \u001b[90m 4 |\u001b[39m\n \u001b[90m 5 |\u001b[39m \u001b[36mexport\u001b[39m \u001b[36mdefault\u001b[39m \u001b[36mfunction\u001b[39m \u001b[33mApp\u001b[39m() {\n \u001b[90m 6 |\u001b[39m   \u001b[36mreturn\u001b[39m (\u001b[0m","cause":{"candidates":{"file":{"type":"sourceFile","filePathPrefix":"src\\navigation","candidateExts":["",".android.js",".native.js",".js",".android.jsx",".native.jsx",".jsx",".android.json",".native.json",".json",".android.ts",".native.ts",".ts",".android.tsx",".native.tsx",".tsx"]},"dir":{"type":"sourceFile","filePathPrefix":"src\\navigation\\index","candidateExts":["",".android.js",".native.js",".js",".android.jsx",".native.jsx",".jsx",".android.json",".native.json",".json",".android.ts",".native.ts",".ts",".android.tsx",".native.tsx",".tsx"]}},"name":"Error","message":"The module could not be resolved because none of these files exist:\n\n  * C:\\VAApp\\src\\navigation(.android.js|.native.js|.js|.android.jsx|.native.jsx|.jsx|.android.json|.native.json|.json|.android.ts|.native.ts|.ts|.android.tsx|.native.tsx|.tsx)\n  * C:\\VAApp\\src\\navigation\\index(.android.js|.native.js|.js|.android.jsx|.native.jsx|.jsx|.android.json|.native.json|.json|.android.ts|.native.ts|.ts|.android.tsx|.native.tsx|.tsx)","stack":"Error: The module could not be resolved because none of these files exist:\n\n  * C:\\VAApp\\src\\navigation(.android.js|.native.js|.js|.android.jsx|.native.jsx|.jsx|.android.json|.native.json|.json|.android.ts|.native.ts|.ts|.android.tsx|.native.tsx|.tsx)\n  * C:\\VAApp\\src\\navigation\\index(.android.js|.native.js|.js|.android.jsx|.native.jsx|.jsx|.android.json|.native.json|.json|.android.ts|.native.ts|.ts|.android.tsx|.native.tsx|.tsx)\n    at Object.resolve (C:\\VAApp\\node_modules\\metro-resolver\\src\\resolve.js:48:13)\n    at ModuleResolver.resolveDependency (C:\\VAApp\\node_modules\\metro\\src\\node-haste\\DependencyGraph\\ModuleResolution.js:74:31)\n    at DependencyGraph.resolveDependency (C:\\VAApp\\node_modules\\metro\\src\\node-haste\\DependencyGraph.js:239:43)\n    at C:\\VAApp\\node_modules\\metro\\src\\lib\\transformHelpers.js:165:21\n    at resolveDependencies (C:\\VAApp\\node_modules\\metro\\src\\DeltaBundler\\buildSubgraph.js:42:25)\n    at visit (C:\\VAApp\\node_modules\\metro\\src\\DeltaBundler\\buildSubgraph.js:83:30)\n    at async Promise.all (index 0)\n    at async visit (C:\\VAApp\\node_modules\\metro\\src\\DeltaBundler\\buildSubgraph.js:92:5)\n    at async Promise.all (index 0)\n    at async buildSubgraph (C:\\VAApp\\node_modules\\metro\\src\\DeltaBundler\\buildSubgraph.js:103:3)"},"name":"Error","stack":"Error: Unable to resolve module ./src/navigation from C:\\VAApp\\app.js: \n\nNone of these files exist:\
04-30 15:41:39.315  5427  5457 W unknown:ReactNative: org.json.JSONException: No value for filename
04-30 15:41:39.315  5427  5457 W unknown:ReactNative: 	at org.json.JSONObject.get(JSONObject.java:398)
04-30 15:41:39.315  5427  5457 W unknown:ReactNative: 	at org.json.JSONObject.getString(JSONObject.java:559)
04-30 15:41:39.315  5427  5457 W unknown:ReactNative: 	at com.facebook.react.common.DebugServerException$Companion.parse(DebugServerException.kt:89)
04-30 15:41:39.315  5427  5457 W unknown:ReactNative: 	at com.facebook.react.common.DebugServerException.parse(Unknown Source:2)
04-30 15:41:39.315  5427  5457 W unknown:ReactNative: 	at com.facebook.react.devsupport.BundleDownloader.processBundleResult(BundleDownloader.java:252)
04-30 15:41:39.315  5427  5457 W unknown:ReactNative: 	at com.facebook.react.devsupport.BundleDownloader.-$$Nest$mprocessBundleResult(Unknown Source:0)
04-30 15:41:39.315  5427  5457 W unknown:ReactNative: 	at com.facebook.react.devsupport.BundleDownloader$2.onChunkComplete(BundleDownloader.java:194)
04-30 15:41:39.315  5427  5457 W unknown:ReactNative: 	at com.facebook.react.devsupport.MultipartStreamReader.emitChunk(MultipartStreamReader.java:70)
04-30 15:41:39.315  5427  5457 W unknown:ReactNative: 	at com.facebook.react.devsupport.MultipartStreamReader.readAllParts(MultipartStreamReader.java:152)
04-30 15:41:39.315  5427  5457 W unknown:ReactNative: 	at com.facebook.react.devsupport.BundleDownloader.processMultipartResponse(BundleDownloader.java:178)
04-30 15:41:39.315  5427  5457 W unknown:ReactNative: 	at com.facebook.react.devsupport.BundleDownloader.-$$Nest$mprocessMultipartResponse(Unknown Source:0)
04-30 15:41:39.315  5427  5457 W unknown:ReactNative: 	at com.facebook.react.devsupport.BundleDownloader$1.onResponse(BundleDownloader.java:146)
04-30 15:41:39.315  5427  5457 W unknown:ReactNative: 	at okhttp3.internal.connection.RealCall$AsyncCall.run(RealCall.kt:519)
04-30 15:41:39.315  5427  5457 W unknown:ReactNative: 	at java.util.concurrent.ThreadPoolExecutor.runWorker(ThreadPoolExecutor.java:1137)
04-30 15:41:39.315  5427  5457 W unknown:ReactNative: 	at java.util.concurrent.ThreadPoolExecutor$Worker.run(ThreadPoolExecutor.java:637)
04-30 15:41:39.315  5427  5457 W unknown:ReactNative: 	at java.lang.Thread.run(Thread.java:1012)
04-30 15:41:39.316  5427  5457 E unknown:ReactNative: Unable to download JS bundle
04-30 15:41:39.316  5427  5457 E unknown:ReactNative: com.facebook.react.common.DebugServerException: The development server returned response error code: 500
04-30 15:41:39.316  5427  5457 E unknown:ReactNative: 
04-30 15:41:39.316  5427  5457 E unknown:ReactNative: URL: http://10.0.2.2:8081/index.bundle?platform=android&dev=true&lazy=true&minify=false&app=com.volunteerambulanceapp&modulesOnly=false&runModule=true&excludeSource=true&sourcePaths=url-server
04-30 15:41:39.316  5427  5457 E unknown:ReactNative: 
04-30 15:41:39.316  5427  5457 E unknown:ReactNative: Body:
04-30 15:41:39.316  5427  5457 E unknown:ReactNative: {"originModulePath":"C:\\VAApp\\app.js","targetModuleName":"./src/navigation","message":"Unable to resolve module ./src/navigation from C:\\VAApp\\app.js: \n\nNone of these files exist:\n  * src\\navigation(.android.js|.native.js|.js|.android.jsx|.native.jsx|.jsx|.android.json|.native.json|.json|.android.ts|.native.ts|.ts|.android.tsx|.native.tsx|.tsx)\n  * src\\navigation\\index(.android.js|.native.js|.js|.android.jsx|.native.jsx|.jsx|.android.json|.native.json|.json|.android.ts|.native.ts|.ts|.android.tsx|.native.tsx|.tsx)\n\u001b[0m \u001b[90m 1 |\u001b[39m \u001b[36mimport\u001b[39m \u001b[33mReact\u001b[39m \u001b[36mfrom\u001b[39m \u001b[32m'react'\u001b[39m\u001b[33m;\u001b[39m\n \u001b[90m 2 |\u001b[39m \u001b[36mimport\u001b[39m { \u001b[33mGestureHandlerRootView\u001b[39m } \u001b[36mfrom\u001b[39m \u001b[32m'react-native-gesture-handler'\u001b[39m\u001b[33m;\u001b[39m\n\u001b[31m\u001b[1m>\u001b[22m\u001b[39m\u001b[90m 3 |\u001b[39m \u001b[36mimport\u001b[39m \u001b[33mNavigation\u001b[39m \u001b[36mfrom\u001b[39m \u001b[32m'./src/navigation'\u001b[39m\u001b[33m;\u001b[39m \u001b[90m// 👈 make sure this path is correct\u001b[39m\n \u001b[90m   |\u001b[39m                         \u001b[31m\u001b[1m^\u001b[22m\u001b[39m\n \u001b[90m 4 |\u001b[39m\n \u001b[90m 5 |\u001b[39m \u001b[36mexport\u001b[39m \u001b[36mdefault\u001b[39m \u001b[36mfunction\u001b[39m \u001b[33mApp\u001b[39m() {\n \u001b[90m 6 |\u001b[39m   \u001b[36mreturn\u001b[39m (\u001b[0m","cause":{"candidates":{"file":{"type":"sourceFile","filePathPrefix":"src\\navigation","candidateExts":["",".android.js",".native.js",".js",".android.jsx",".native.jsx",".jsx",".android.json",".native.json",".json",".android.ts",".native.ts",".ts",".android.tsx",".native.tsx",".tsx"]},"dir":{"type":"sourceFile","filePathPrefix":"src\\navigation\\index","candidateExts":["",".android.js",".native.js",".js",".android.jsx",".native.jsx",".jsx",".android.json",".native.json",".json",".android.ts",".native.ts",".ts",".android.tsx",".native.tsx",".tsx"]}},"name":"Error","message":"The module could not be resolved because none of these files exist:\n\n  * C:\\VAApp\\src\\navigation(.android.js|.native.js|.js|.android.jsx|.native.jsx|.jsx|.android.json|.native.json|.json|.android.ts|.native.ts|.ts|.android.tsx|.native.tsx|.tsx)\n  * C:\\VAApp\\src\\navigation\\index(.android.js|.native.js|.js|.android.jsx|.native.jsx|.jsx|.android.json|.native.json|.json|.android.ts|.native.ts|.ts|.android.tsx|.native.tsx|.tsx)","stack":"Error: The module could not be resolved because none of these files exist:\n\n  * C:\\VAApp\\src\\navigation(.android.js|.native.js|.js|.android.jsx|.native.jsx|.jsx|.android.json|.native.json|.json|.android.ts|.native.ts|.ts|.android.tsx|.native.tsx|.tsx)\n  * C:\\VAApp\\src\\navigation\\index(.android.js|.native.js|.js|.android.jsx|.native.jsx|.jsx|.android.json|.native.json|.json|.android.ts|.native.ts|.ts|.android.tsx|.native.tsx|.tsx)\n    at Object.resolve (C:\\VAApp\\node_modules\\metro-resolver\\src\\resolve.js:48:13)\n    at ModuleResolver.resolveDependency (C:\\VAApp\\node_modules\\metro\\src\\node-haste\\DependencyGraph\\ModuleResolution.js:74:31)\n    at DependencyGraph.resolveDependency (C:\\VAApp\\node_modules\\metro\\src\\node-haste\\DependencyGraph.js:239:43)\n    at C:\\VAApp\\node_modules\\metro\\src\\lib\\transformHelpers.js:165:21\n    at resolveDependencies (C:\\VAApp\\node_modules\\metro\\src\\DeltaBundler\\buildSubgraph.js:42:25)\n    at visit (C:\\VAApp\\node_modules\\metro\\src\\DeltaBundler\\buildSubgraph.js:83:30)\n    at async Promise.all (index 0)\n    at async visit (C:\\VAApp\\node_modules\\metro\\src\\DeltaBundler\\buildSubgraph.js:92:5)\n    at async Promise.all (index 0)\n    at async buildSubgraph (C:\\VAApp\\node_modules\\metro\\src\\DeltaBundler\\buildSubgraph.js:103:3)"},"name":"Error","stack":"Error: Unable to resolve module ./src/navigation from C:\\VAApp\\app.js: \n\nNone of these files exist:\n  * src\\navigation(.android.js|.native.js
04-30 15:41:39.317  5427  5457 E unknown:ReactNative: 	at com.facebook.react.devsupport.BundleDownloader.processBundleResult(BundleDownloader.java:265)
04-30 15:41:39.317  5427  5457 E unknown:ReactNative: 	at com.facebook.react.devsupport.BundleDownloader.-$$Nest$mprocessBundleResult(Unknown Source:0)
04-30 15:41:39.317  5427  5457 E unknown:ReactNative: 	at com.facebook.react.devsupport.BundleDownloader$2.onChunkComplete(BundleDownloader.java:194)
04-30 15:41:39.317  5427  5457 E unknown:ReactNative: 	at com.facebook.react.devsupport.MultipartStreamReader.emitChunk(MultipartStreamReader.java:70)
04-30 15:41:39.317  5427  5457 E unknown:ReactNative: 	at com.facebook.react.devsupport.MultipartStreamReader.readAllParts(MultipartStreamReader.java:152)
04-30 15:41:39.317  5427  5457 E unknown:ReactNative: 	at com.facebook.react.devsupport.BundleDownloader.processMultipartResponse(BundleDownloader.java:178)
04-30 15:41:39.317  5427  5457 E unknown:ReactNative: 	at com.facebook.react.devsupport.BundleDownloader.-$$Nest$mprocessMultipartResponse(Unknown Source:0)
04-30 15:41:39.317  5427  5457 E unknown:ReactNative: 	at com.facebook.react.devsupport.BundleDownloader$1.onResponse(BundleDownloader.java:146)
04-30 15:41:39.317  5427  5457 E unknown:ReactNative: 	at okhttp3.internal.connection.RealCall$AsyncCall.run(RealCall.kt:519)
04-30 15:41:39.317  5427  5457 E unknown:ReactNative: 	at java.util.concurrent.ThreadPoolExecutor.runWorker(ThreadPoolExecutor.java:1137)
04-30 15:41:39.317  5427  5457 E unknown:ReactNative: 	at java.util.concurrent.ThreadPoolExecutor$Worker.run(ThreadPoolExecutor.java:637)
04-30 15:41:39.317  5427  5457 E unknown:ReactNative: 	at java.lang.Thread.run(Thread.java:1012)
04-30 15:41:39.325  5427  5455 E unknown:ReactNative: Exception in native call
04-30 15:41:39.325  5427  5455 E unknown:ReactNative: com.facebook.react.common.DebugServerException: The development server returned response error code: 500
04-30 15:41:39.325  5427  5455 E unknown:ReactNative: 
04-30 15:41:39.325  5427  5455 E unknown:ReactNative: URL: http://10.0.2.2:8081/index.bundle?platform=android&dev=true&lazy=true&minify=false&app=com.volunteerambulanceapp&modulesOnly=false&runModule=true&excludeSource=true&sourcePaths=url-server
04-30 15:41:39.325  5427  5455 E unknown:ReactNative: 
04-30 15:41:39.325  5427  5455 E unknown:ReactNative: Body:
04-30 15:41:39.325  5427  5455 E unknown:ReactNative: {"originModulePath":"C:\\VAApp\\app.js","targetModuleName":"./src/navigation","message":"Unable to resolve module ./src/navigation from C:\\VAApp\\app.js: \n\nNone of these files exist:\n  * src\\navigation(.android.js|.native.js|.js|.android.jsx|.native.jsx|.jsx|.android.json|.native.json|.json|.android.ts|.native.ts|.ts|.android.tsx|.native.tsx|.tsx)\n  * src\\navigation\\index(.android.js|.native.js|.js|.android.jsx|.native.jsx|.jsx|.android.json|.native.json|.json|.android.ts|.native.ts|.ts|.android.tsx|.native.tsx|.tsx)\n\u001b[0m \u001b[90m 1 |\u001b[39m \u001b[36mimport\u001b[39m \u001b[33mReact\u001b[39m \u001b[36mfrom\u001b[39m \u001b[32m'react'\u001b[39m\u001b[33m;\u001b[39m\n \u001b[90m 2 |\u001b[39m \u001b[36mimport\u001b[39m { \u001b[33mGestureHandlerRootView\u001b[39m } \u001b[36mfrom\u001b[39m \u001b[32m'react-native-gesture-handler'\u001b[39m\u001b[33m;\u001b[39m\n\u001b[31m\u001b[1m>\u001b[22m\u001b[39m\u001b[90m 3 |\u001b[39m \u001b[36mimport\u001b[39m \u001b[33mNavigation\u001b[39m \u001b[36mfrom\u001b[39m \u001b[32m'./src/navigation'\u001b[39m\u001b[33m;\u001b[39m \u001b[90m// 👈 make sure this path is correct\u001b[39m\n \u001b[90m   |\u001b[39m                         \u001b[31m\u001b[1m^\u001b[22m\u001b[39m\n \u001b[90m 4 |\u001b[39m\n \u001b[90m 5 |\u001b[39m \u001b[36mexport\u001b[39m \u001b[36mdefault\u001b[39m \u001b[36mfunction\u001b[39m \u001b[33mApp\u001b[39m() {\n \u001b[90m 6 |\u001b[39m   \u001b[36mreturn\u001b[39m (\u001b[0m","cause":{"candidates":{"file":{"type":"sourceFile","filePathPrefix":"src\\navigation","candidateExts":["",".android.js",".native.js",".js",".android.jsx",".native.jsx",".jsx",".android.json",".native.json",".json",".android.ts",".native.ts",".ts",".android.tsx",".native.tsx",".tsx"]},"dir":{"type":"sourceFile","filePathPrefix":"src\\navigation\\index","candidateExts":["",".android.js",".native.js",".js",".android.jsx",".native.jsx",".jsx",".android.json",".native.json",".json",".android.ts",".native.ts",".ts",".android.tsx",".native.tsx",".tsx"]}},"name":"Error","message":"The module could not be resolved because none of these files exist:\n\n  * C:\\VAApp\\src\\navigation(.android.js|.native.js|.js|.android.jsx|.native.jsx|.jsx|.android.json|.native.json|.json|.android.ts|.native.ts|.ts|.android.tsx|.native.tsx|.tsx)\n  * C:\\VAApp\\src\\navigation\\index(.android.js|.native.js|.js|.android.jsx|.native.jsx|.jsx|.android.json|.native.json|.json|.android.ts|.native.ts|.ts|.android.tsx|.native.tsx|.tsx)","stack":"Error: The module could not be resolved because none of these files exist:\n\n  * C:\\VAApp\\src\\navigation(.android.js|.native.js|.js|.android.jsx|.native.jsx|.jsx|.android.json|.native.json|.json|.android.ts|.native.ts|.ts|.android.tsx|.native.tsx|.tsx)\n  * C:\\VAApp\\src\\navigation\\index(.android.js|.native.js|.js|.android.jsx|.native.jsx|.jsx|.android.json|.native.json|.json|.android.ts|.native.ts|.ts|.android.tsx|.native.tsx|.tsx)\n    at Object.resolve (C:\\VAApp\\node_modules\\metro-resolver\\src\\resolve.js:48:13)\n    at ModuleResolver.resolveDependency (C:\\VAApp\\node_modules\\metro\\src\\node-haste\\DependencyGraph\\ModuleResolution.js:74:31)\n    at DependencyGraph.resolveDependency (C:\\VAApp\\node_modules\\metro\\src\\node-haste\\DependencyGraph.js:239:43)\n    at C:\\VAApp\\node_modules\\metro\\src\\lib\\transformHelpers.js:165:21\n    at resolveDependencies (C:\\VAApp\\node_modules\\metro\\src\\DeltaBundler\\buildSubgraph.js:42:25)\n    at visit (C:\\VAApp\\node_modules\\metro\\src\\DeltaBundler\\buildSubgraph.js:83:30)\n    at async Promise.all (index 0)\n    at async visit (C:\\VAApp\\node_modules\\metro\\src\\DeltaBundler\\buildSubgraph.js:92:5)\n    at async Promise.all (index 0)\n    at async buildSubgraph (C:\\VAApp\\node_modules\\metro\\src\\DeltaBundler\\buildSubgraph.js:103:3)"},"name":"Error","stack":"Error: Unable to resolve module ./src/navigation from C:\\VAApp\\app.js: \n\nNone of these files exist:\n  * src\\navigation(.android.js|.native.js
04-30 15:41:39.325  5427  5455 E unknown:ReactNative: 	at com.facebook.react.devsupport.BundleDownloader.processBundleResult(BundleDownloader.java:265)
04-30 15:41:39.325  5427  5455 E unknown:ReactNative: 	at com.facebook.react.devsupport.BundleDownloader.-$$Nest$mprocessBundleResult(Unknown Source:0)
04-30 15:41:39.325  5427  5455 E unknown:ReactNative: 	at com.facebook.react.devsupport.BundleDownloader$2.onChunkComplete(BundleDownloader.java:194)
04-30 15:41:39.325  5427  5455 E unknown:ReactNative: 	at com.facebook.react.devsupport.MultipartStreamReader.emitChunk(MultipartStreamReader.java:70)
04-30 15:41:39.325  5427  5455 E unknown:ReactNative: 	at com.facebook.react.devsupport.MultipartStreamReader.readAllParts(MultipartStreamReader.java:152)
04-30 15:41:39.325  5427  5455 E unknown:ReactNative: 	at com.facebook.react.devsupport.BundleDownloader.processMultipartResponse(BundleDownloader.java:178)
04-30 15:41:39.325  5427  5455 E unknown:ReactNative: 	at com.facebook.react.devsupport.BundleDownloader.-$$Nest$mprocessMultipartResponse(Unknown Source:0)
04-30 15:41:39.325  5427  5455 E unknown:ReactNative: 	at com.facebook.react.devsupport.BundleDownloader$1.onResponse(BundleDownloader.java:146)
04-30 15:41:39.325  5427  5455 E unknown:ReactNative: 	at okhttp3.internal.connection.RealCall$AsyncCall.run(RealCall.kt:519)
04-30 15:41:39.325  5427  5455 E unknown:ReactNative: 	at java.util.concurrent.ThreadPoolExecutor.runWorker(ThreadPoolExecutor.java:1137)
04-30 15:41:39.325  5427  5455 E unknown:ReactNative: 	at java.util.concurrent.ThreadPoolExecutor$Worker.run(ThreadPoolExecutor.java:637)
04-30 15:41:39.325  5427  5455 E unknown:ReactNative: 	at java.lang.Thread.run(Thread.java:1012)
04-30 15:41:39.590  5427  5427 E unknown:ReactNative: Exception in native call
04-30 15:41:39.590  5427  5427 E unknown:ReactNative: com.facebook.react.common.DebugServerException: The development server returned response error code: 500
04-30 15:41:39.590  5427  5427 E unknown:ReactNative: 
04-30 15:41:39.590  5427  5427 E unknown:ReactNative: URL: http://10.0.2.2:8081/index.bundle?platform=android&dev=true&lazy=true&minify=false&app=com.volunteerambulanceapp&modulesOnly=false&runModule=true&excludeSource=true&sourcePaths=url-server
04-30 15:41:39.590  5427  5427 E unknown:ReactNative: 
04-30 15:41:39.590  5427  5427 E unknown:ReactNative: Body:
04-30 15:41:39.590  5427  5427 E unknown:ReactNative: {"originModulePath":"C:\\VAApp\\app.js","targetModuleName":"./src/navigation","message":"Unable to resolve module ./src/navigation from C:\\VAApp\\app.js: \n\nNone of these files exist:\n  * src\\navigation(.android.js|.native.js|.js|.android.jsx|.native.jsx|.jsx|.android.json|.native.json|.json|.android.ts|.native.ts|.ts|.android.tsx|.native.tsx|.tsx)\n  * src\\navigation\\index(.android.js|.native.js|.js|.android.jsx|.native.jsx|.jsx|.android.json|.native.json|.json|.android.ts|.native.ts|.ts|.android.tsx|.native.tsx|.tsx)\n\u001b[0m \u001b[90m 1 |\u001b[39m \u001b[36mimport\u001b[39m \u001b[33mReact\u001b[39m \u001b[36mfrom\u001b[39m \u001b[32m'react'\u001b[39m\u001b[33m;\u001b[39m\n \u001b[90m 2 |\u001b[39m \u001b[36mimport\u001b[39m { \u001b[33mGestureHandlerRootView\u001b[39m } \u001b[36mfrom\u001b[39m \u001b[32m'react-native-gesture-handler'\u001b[39m\u001b[33m;\u001b[39m\n\u001b[31m\u001b[1m>\u001b[22m\u001b[39m\u001b[90m 3 |\u001b[39m \u001b[36mimport\u001b[39m \u001b[33mNavigation\u001b[39m \u001b[36mfrom\u001b[39m \u001b[32m'./src/navigation'\u001b[39m\u001b[33m;\u001b[39m \u001b[90m// 👈 make sure this path is correct\u001b[39m\n \u001b[90m   |\u001b[39m                         \u001b[31m\u001b[1m^\u001b[22m\u001b[39m\n \u001b[90m 4 |\u001b[39m\n \u001b[90m 5 |\u001b[39m \u001b[36mexport\u001b[39m \u001b[36mdefault\u001b[39m \u001b[36mfunction\u001b[39m \u001b[33mApp\u001b[39m() {\n \u001b[90m 6 |\u001b[39m   \u001b[36mreturn\u001b[39m (\u001b[0m","cause":{"candidates":{"file":{"type":"sourceFile","filePathPrefix":"src\\navigation","candidateExts":["",".android.js",".native.js",".js",".android.jsx",".native.jsx",".jsx",".android.json",".native.json",".json",".android.ts",".native.ts",".ts",".android.tsx",".native.tsx",".tsx"]},"dir":{"type":"sourceFile","filePathPrefix":"src\\navigation\\index","candidateExts":["",".android.js",".native.js",".js",".android.jsx",".native.jsx",".jsx",".android.json",".native.json",".json",".android.ts",".native.ts",".ts",".android.tsx",".native.tsx",".tsx"]}},"name":"Error","message":"The module could not be resolved because none of these files exist:\n\n  * C:\\VAApp\\src\\navigation(.android.js|.native.js|.js|.android.jsx|.native.jsx|.jsx|.android.json|.native.json|.json|.android.ts|.native.ts|.ts|.android.tsx|.native.tsx|.tsx)\n  * C:\\VAApp\\src\\navigation\\index(.android.js|.native.js|.js|.android.jsx|.native.jsx|.jsx|.android.json|.native.json|.json|.android.ts|.native.ts|.ts|.android.tsx|.native.tsx|.tsx)","stack":"Error: The module could not be resolved because none of these files exist:\n\n  * C:\\VAApp\\src\\navigation(.android.js|.native.js|.js|.android.jsx|.native.jsx|.jsx|.android.json|.native.json|.json|.android.ts|.native.ts|.ts|.android.tsx|.native.tsx|.tsx)\n  * C:\\VAApp\\src\\navigation\\index(.android.js|.native.js|.js|.android.jsx|.native.jsx|.jsx|.android.json|.native.json|.json|.android.ts|.native.ts|.ts|.android.tsx|.native.tsx|.tsx)\n    at Object.resolve (C:\\VAApp\\node_modules\\metro-resolver\\src\\resolve.js:48:13)\n    at ModuleResolver.resolveDependency (C:\\VAApp\\node_modules\\metro\\src\\node-haste\\DependencyGraph\\ModuleResolution.js:74:31)\n    at DependencyGraph.resolveDependency (C:\\VAApp\\node_modules\\metro\\src\\node-haste\\DependencyGraph.js:239:43)\n    at C:\\VAApp\\node_modules\\metro\\src\\lib\\transformHelpers.js:165:21\n    at resolveDependencies (C:\\VAApp\\node_modules\\metro\\src\\DeltaBundler\\buildSubgraph.js:42:25)\n    at visit (C:\\VAApp\\node_modules\\metro\\src\\DeltaBundler\\buildSubgraph.js:83:30)\n    at async Promise.all (index 0)\n    at async visit (C:\\VAApp\\node_modules\\metro\\src\\DeltaBundler\\buildSubgraph.js:92:5)\n    at async Promise.all (index 0)\n    at async buildSubgraph (C:\\VAApp\\node_modules\\metro\\src\\DeltaBundler\\buildSubgraph.js:103:3)"},"name":"Error","stack":"Error: Unable to resolve module ./src/navigation from C:\\VAApp\\app.js: \n\nNone of these files exist:\n  * src\\navigation(.android.js|.native.js
04-30 15:41:39.590  5427  5427 E unknown:ReactNative: 	at com.facebook.react.devsupport.BundleDownloader.processBundleResult(BundleDownloader.java:265)
04-30 15:41:39.590  5427  5427 E unknown:ReactNative: 	at com.facebook.react.devsupport.BundleDownloader.-$$Nest$mprocessBundleResult(Unknown Source:0)
04-30 15:41:39.590  5427  5427 E unknown:ReactNative: 	at com.facebook.react.devsupport.BundleDownloader$2.onChunkComplete(BundleDownloader.java:194)
04-30 15:41:39.590  5427  5427 E unknown:ReactNative: 	at com.facebook.react.devsupport.MultipartStreamReader.emitChunk(MultipartStreamReader.java:70)
04-30 15:41:39.590  5427  5427 E unknown:ReactNative: 	at com.facebook.react.devsupport.MultipartStreamReader.readAllParts(MultipartStreamReader.java:152)
04-30 15:41:39.590  5427  5427 E unknown:ReactNative: 	at com.facebook.react.devsupport.BundleDownloader.processMultipartResponse(BundleDownloader.java:178)
04-30 15:41:39.590  5427  5427 E unknown:ReactNative: 	at com.facebook.react.devsupport.BundleDownloader.-$$Nest$mprocessMultipartResponse(Unknown Source:0)
04-30 15:41:39.590  5427  5427 E unknown:ReactNative: 	at com.facebook.react.devsupport.BundleDownloader$1.onResponse(BundleDownloader.java:146)
04-30 15:41:39.590  5427  5427 E unknown:ReactNative: 	at okhttp3.internal.connection.RealCall$AsyncCall.run(RealCall.kt:519)
04-30 15:41:39.590  5427  5427 E unknown:ReactNative: 	at java.util.concurrent.ThreadPoolExecutor.runWorker(ThreadPoolExecutor.java:1137)
04-30 15:41:39.590  5427  5427 E unknown:ReactNative: 	at java.util.concurrent.ThreadPoolExecutor$Worker.run(ThreadPoolExecutor.java:637)
04-30 15:41:39.590  5427  5427 E unknown:ReactNative: 	at java.lang.Thread.run(Thread.java:1012)
04-30 15:41:54.873  5427  5457 W unknown:ReactNative: Could not parse DebugServerException from: {"originModulePath":"C:\\VAApp\\app.js","targetModuleName":"./src/navigation","message":"Unable to resolve module ./src/navigation from C:\\VAApp\\app.js: \n\nNone of these files exist:\n  * src\\navigation(.android.js|.native.js|.js|.android.jsx|.native.jsx|.jsx|.android.json|.native.json|.json|.android.ts|.native.ts|.ts|.android.tsx|.native.tsx|.tsx)\n  * src\\navigation\\index(.android.js|.native.js|.js|.android.jsx|.native.jsx|.jsx|.android.json|.native.json|.json|.android.ts|.native.ts|.ts|.android.tsx|.native.tsx|.tsx)\n\u001b[0m \u001b[90m 1 |\u001b[39m \u001b[36mimport\u001b[39m \u001b[33mReact\u001b[39m \u001b[36mfrom\u001b[39m \u001b[32m'react'\u001b[39m\u001b[33m;\u001b[39m\n \u001b[90m 2 |\u001b[39m \u001b[36mimport\u001b[39m { \u001b[33mGestureHandlerRootView\u001b[39m } \u001b[36mfrom\u001b[39m \u001b[32m'react-native-gesture-handler'\u001b[39m\u001b[33m;\u001b[39m\n\u001b[31m\u001b[1m>\u001b[22m\u001b[39m\u001b[90m 3 |\u001b[39m \u001b[36mimport\u001b[39m \u001b[33mNavigation\u001b[39m \u001b[36mfrom\u001b[39m \u001b[32m'./src/navigation'\u001b[39m\u001b[33m;\u001b[39m \u001b[90m// 👈 make sure this path is correct\u001b[39m\n \u001b[90m   |\u001b[39m                         \u001b[31m\u001b[1m^\u001b[22m\u001b[39m\n \u001b[90m 4 |\u001b[39m\n \u001b[90m 5 |\u001b[39m \u001b[36mexport\u001b[39m \u001b[36mdefault\u001b[39m \u001b[36mfunction\u001b[39m \u001b[33mApp\u001b[39m() {\n \u001b[90m 6 |\u001b[39m   \u001b[36mreturn\u001b[39m (\u001b[0m","cause":{"candidates":{"file":{"type":"sourceFile","filePathPrefix":"src\\navigation","candidateExts":["",".android.js",".native.js",".js",".android.jsx",".native.jsx",".jsx",".android.json",".native.json",".json",".android.ts",".native.ts",".ts",".android.tsx",".native.tsx",".tsx"]},"dir":{"type":"sourceFile","filePathPrefix":"src\\navigation\\index","candidateExts":["",".android.js",".native.js",".js",".android.jsx",".native.jsx",".jsx",".android.json",".native.json",".json",".android.ts",".native.ts",".ts",".android.tsx",".native.tsx",".tsx"]}},"name":"Error","message":"The module could not be resolved because none of these files exist:\n\n  * C:\\VAApp\\src\\navigation(.android.js|.native.js|.js|.android.jsx|.native.jsx|.jsx|.android.json|.native.json|.json|.android.ts|.native.ts|.ts|.android.tsx|.native.tsx|.tsx)\n  * C:\\VAApp\\src\\navigation\\index(.android.js|.native.js|.js|.android.jsx|.native.jsx|.jsx|.android.json|.native.json|.json|.android.ts|.native.ts|.ts|.android.tsx|.native.tsx|.tsx)","stack":"Error: The module could not be resolved because none of these files exist:\n\n  * C:\\VAApp\\src\\navigation(.android.js|.native.js|.js|.android.jsx|.native.jsx|.jsx|.android.json|.native.json|.json|.android.ts|.native.ts|.ts|.android.tsx|.native.tsx|.tsx)\n  * C:\\VAApp\\src\\navigation\\index(.android.js|.native.js|.js|.android.jsx|.native.jsx|.jsx|.android.json|.native.json|.json|.android.ts|.native.ts|.ts|.android.tsx|.native.tsx|.tsx)\n    at Object.resolve (C:\\VAApp\\node_modules\\metro-resolver\\src\\resolve.js:48:13)\n    at ModuleResolver.resolveDependency (C:\\VAApp\\node_modules\\metro\\src\\node-haste\\DependencyGraph\\ModuleResolution.js:74:31)\n    at DependencyGraph.resolveDependency (C:\\VAApp\\node_modules\\metro\\src\\node-haste\\DependencyGraph.js:239:43)\n    at C:\\VAApp\\node_modules\\metro\\src\\lib\\transformHelpers.js:165:21\n    at resolveDependencies (C:\\VAApp\\node_modules\\metro\\src\\DeltaBundler\\buildSubgraph.js:42:25)\n    at visit (C:\\VAApp\\node_modules\\metro\\src\\DeltaBundler\\buildSubgraph.js:83:30)\n    at async Promise.all (index 0)\n    at async visit (C:\\VAApp\\node_modules\\metro\\src\\DeltaBundler\\buildSubgraph.js:92:5)\n    at async Promise.all (index 0)\n    at async buildSubgraph (C:\\VAApp\\node_modules\\metro\\src\\DeltaBundler\\buildSubgraph.js:103:3)"},"name":"Error","stack":"Error: Unable to resolve module ./src/navigation from C:\\VAApp\\app.js: \n\nNone of these files exist:\
04-30 15:41:54.873  5427  5457 W unknown:ReactNative: org.json.JSONException: No value for filename
04-30 15:41:54.873  5427  5457 W unknown:ReactNative: 	at org.json.JSONObject.get(JSONObject.java:398)
04-30 15:41:54.873  5427  5457 W unknown:ReactNative: 	at org.json.JSONObject.getString(JSONObject.java:559)
04-30 15:41:54.873  5427  5457 W unknown:ReactNative: 	at com.facebook.react.common.DebugServerException$Companion.parse(DebugServerException.kt:89)
04-30 15:41:54.873  5427  5457 W unknown:ReactNative: 	at com.facebook.react.common.DebugServerException.parse(Unknown Source:2)
04-30 15:41:54.873  5427  5457 W unknown:ReactNative: 	at com.facebook.react.devsupport.BundleDownloader.processBundleResult(BundleDownloader.java:252)
04-30 15:41:54.873  5427  5457 W unknown:ReactNative: 	at com.facebook.react.devsupport.BundleDownloader.-$$Nest$mprocessBundleResult(Unknown Source:0)
04-30 15:41:54.873  5427  5457 W unknown:ReactNative: 	at com.facebook.react.devsupport.BundleDownloader$2.onChunkComplete(BundleDownloader.java:194)
04-30 15:41:54.873  5427  5457 W unknown:ReactNative: 	at com.facebook.react.devsupport.MultipartStreamReader.emitChunk(MultipartStreamReader.java:70)
04-30 15:41:54.873  5427  5457 W unknown:ReactNative: 	at com.facebook.react.devsupport.MultipartStreamReader.readAllParts(MultipartStreamReader.java:152)
04-30 15:41:54.873  5427  5457 W unknown:ReactNative: 	at com.facebook.react.devsupport.BundleDownloader.processMultipartResponse(BundleDownloader.java:178)
04-30 15:41:54.873  5427  5457 W unknown:ReactNative: 	at com.facebook.react.devsupport.BundleDownloader.-$$Nest$mprocessMultipartResponse(Unknown Source:0)
04-30 15:41:54.873  5427  5457 W unknown:ReactNative: 	at com.facebook.react.devsupport.BundleDownloader$1.onResponse(BundleDownloader.java:146)
04-30 15:41:54.873  5427  5457 W unknown:ReactNative: 	at okhttp3.internal.connection.RealCall$AsyncCall.run(RealCall.kt:519)
04-30 15:41:54.873  5427  5457 W unknown:ReactNative: 	at java.util.concurrent.ThreadPoolExecutor.runWorker(ThreadPoolExecutor.java:1137)
04-30 15:41:54.873  5427  5457 W unknown:ReactNative: 	at java.util.concurrent.ThreadPoolExecutor$Worker.run(ThreadPoolExecutor.java:637)
04-30 15:41:54.873  5427  5457 W unknown:ReactNative: 	at java.lang.Thread.run(Thread.java:1012)
04-30 15:41:54.874  5427  5457 E unknown:ReactNative: Unable to download JS bundle
04-30 15:41:54.874  5427  5457 E unknown:ReactNative: com.facebook.react.common.DebugServerException: The development server returned response error code: 500
04-30 15:41:54.874  5427  5457 E unknown:ReactNative: 
04-30 15:41:54.874  5427  5457 E unknown:ReactNative: URL: http://10.0.2.2:8081/index.bundle?platform=android&dev=true&lazy=true&minify=false&app=com.volunteerambulanceapp&modulesOnly=false&runModule=true&excludeSource=true&sourcePaths=url-server
04-30 15:41:54.874  5427  5457 E unknown:ReactNative: 
04-30 15:41:54.874  5427  5457 E unknown:ReactNative: Body:
04-30 15:41:54.874  5427  5457 E unknown:ReactNative: {"originModulePath":"C:\\VAApp\\app.js","targetModuleName":"./src/navigation","message":"Unable to resolve module ./src/navigation from C:\\VAApp\\app.js: \n\nNone of these files exist:\n  * src\\navigation(.android.js|.native.js|.js|.android.jsx|.native.jsx|.jsx|.android.json|.native.json|.json|.android.ts|.native.ts|.ts|.android.tsx|.native.tsx|.tsx)\n  * src\\navigation\\index(.android.js|.native.js|.js|.android.jsx|.native.jsx|.jsx|.android.json|.native.json|.json|.android.ts|.native.ts|.ts|.android.tsx|.native.tsx|.tsx)\n\u001b[0m \u001b[90m 1 |\u001b[39m \u001b[36mimport\u001b[39m \u001b[33mReact\u001b[39m \u001b[36mfrom\u001b[39m \u001b[32m'react'\u001b[39m\u001b[33m;\u001b[39m\n \u001b[90m 2 |\u001b[39m \u001b[36mimport\u001b[39m { \u001b[33mGestureHandlerRootView\u001b[39m } \u001b[36mfrom\u001b[39m \u001b[32m'react-native-gesture-handler'\u001b[39m\u001b[33m;\u001b[39m\n\u001b[31m\u001b[1m>\u001b[22m\u001b[39m\u001b[90m 3 |\u001b[39m \u001b[36mimport\u001b[39m \u001b[33mNavigation\u001b[39m \u001b[36mfrom\u001b[39m \u001b[32m'./src/navigation'\u001b[39m\u001b[33m;\u001b[39m \u001b[90m// 👈 make sure this path is correct\u001b[39m\n \u001b[90m   |\u001b[39m                         \u001b[31m\u001b[1m^\u001b[22m\u001b[39m\n \u001b[90m 4 |\u001b[39m\n \u001b[90m 5 |\u001b[39m \u001b[36mexport\u001b[39m \u001b[36mdefault\u001b[39m \u001b[36mfunction\u001b[39m \u001b[33mApp\u001b[39m() {\n \u001b[90m 6 |\u001b[39m   \u001b[36mreturn\u001b[39m (\u001b[0m","cause":{"candidates":{"file":{"type":"sourceFile","filePathPrefix":"src\\navigation","candidateExts":["",".android.js",".native.js",".js",".android.jsx",".native.jsx",".jsx",".android.json",".native.json",".json",".android.ts",".native.ts",".ts",".android.tsx",".native.tsx",".tsx"]},"dir":{"type":"sourceFile","filePathPrefix":"src\\navigation\\index","candidateExts":["",".android.js",".native.js",".js",".android.jsx",".native.jsx",".jsx",".android.json",".native.json",".json",".android.ts",".native.ts",".ts",".android.tsx",".native.tsx",".tsx"]}},"name":"Error","message":"The module could not be resolved because none of these files exist:\n\n  * C:\\VAApp\\src\\navigation(.android.js|.native.js|.js|.android.jsx|.native.jsx|.jsx|.android.json|.native.json|.json|.android.ts|.native.ts|.ts|.android.tsx|.native.tsx|.tsx)\n  * C:\\VAApp\\src\\navigation\\index(.android.js|.native.js|.js|.android.jsx|.native.jsx|.jsx|.android.json|.native.json|.json|.android.ts|.native.ts|.ts|.android.tsx|.native.tsx|.tsx)","stack":"Error: The module could not be resolved because none of these files exist:\n\n  * C:\\VAApp\\src\\navigation(.android.js|.native.js|.js|.android.jsx|.native.jsx|.jsx|.android.json|.native.json|.json|.android.ts|.native.ts|.ts|.android.tsx|.native.tsx|.tsx)\n  * C:\\VAApp\\src\\navigation\\index(.android.js|.native.js|.js|.android.jsx|.native.jsx|.jsx|.android.json|.native.json|.json|.android.ts|.native.ts|.ts|.android.tsx|.native.tsx|.tsx)\n    at Object.resolve (C:\\VAApp\\node_modules\\metro-resolver\\src\\resolve.js:48:13)\n    at ModuleResolver.resolveDependency (C:\\VAApp\\node_modules\\metro\\src\\node-haste\\DependencyGraph\\ModuleResolution.js:74:31)\n    at DependencyGraph.resolveDependency (C:\\VAApp\\node_modules\\metro\\src\\node-haste\\DependencyGraph.js:239:43)\n    at C:\\VAApp\\node_modules\\metro\\src\\lib\\transformHelpers.js:165:21\n    at resolveDependencies (C:\\VAApp\\node_modules\\metro\\src\\DeltaBundler\\buildSubgraph.js:42:25)\n    at visit (C:\\VAApp\\node_modules\\metro\\src\\DeltaBundler\\buildSubgraph.js:83:30)\n    at async Promise.all (index 0)\n    at async visit (C:\\VAApp\\node_modules\\metro\\src\\DeltaBundler\\buildSubgraph.js:92:5)\n    at async Promise.all (index 0)\n    at async buildSubgraph (C:\\VAApp\\node_modules\\metro\\src\\DeltaBundler\\buildSubgraph.js:103:3)"},"name":"Error","stack":"Error: Unable to resolve module ./src/navigation from C:\\VAApp\\app.js: \n\nNone of these files exist:\n  * src\\navigation(.android.js|.native.js
04-30 15:41:54.875  5427  5457 E unknown:ReactNative: 	at com.facebook.react.devsupport.BundleDownloader.processBundleResult(BundleDownloader.java:265)
04-30 15:41:54.875  5427  5457 E unknown:ReactNative: 	at com.facebook.react.devsupport.BundleDownloader.-$$Nest$mprocessBundleResult(Unknown Source:0)
04-30 15:41:54.875  5427  5457 E unknown:ReactNative: 	at com.facebook.react.devsupport.BundleDownloader$2.onChunkComplete(BundleDownloader.java:194)
04-30 15:41:54.875  5427  5457 E unknown:ReactNative: 	at com.facebook.react.devsupport.MultipartStreamReader.emitChunk(MultipartStreamReader.java:70)
04-30 15:41:54.875  5427  5457 E unknown:ReactNative: 	at com.facebook.react.devsupport.MultipartStreamReader.readAllParts(MultipartStreamReader.java:152)
04-30 15:41:54.875  5427  5457 E unknown:ReactNative: 	at com.facebook.react.devsupport.BundleDownloader.processMultipartResponse(BundleDownloader.java:178)
04-30 15:41:54.875  5427  5457 E unknown:ReactNative: 	at com.facebook.react.devsupport.BundleDownloader.-$$Nest$mprocessMultipartResponse(Unknown Source:0)
04-30 15:41:54.875  5427  5457 E unknown:ReactNative: 	at com.facebook.react.devsupport.BundleDownloader$1.onResponse(BundleDownloader.java:146)
04-30 15:41:54.875  5427  5457 E unknown:ReactNative: 	at okhttp3.internal.connection.RealCall$AsyncCall.run(RealCall.kt:519)
04-30 15:41:54.875  5427  5457 E unknown:ReactNative: 	at java.util.concurrent.ThreadPoolExecutor.runWorker(ThreadPoolExecutor.java:1137)
04-30 15:41:54.875  5427  5457 E unknown:ReactNative: 	at java.util.concurrent.ThreadPoolExecutor$Worker.run(ThreadPoolExecutor.java:637)
04-30 15:41:54.875  5427  5457 E unknown:ReactNative: 	at java.lang.Thread.run(Thread.java:1012)
04-30 15:41:54.882  5427  5455 E unknown:ReactNative: Exception in native call
04-30 15:41:54.882  5427  5455 E unknown:ReactNative: com.facebook.react.common.DebugServerException: The development server returned response error code: 500
04-30 15:41:54.882  5427  5455 E unknown:ReactNative: 
04-30 15:41:54.882  5427  5455 E unknown:ReactNative: URL: http://10.0.2.2:8081/index.bundle?platform=android&dev=true&lazy=true&minify=false&app=com.volunteerambulanceapp&modulesOnly=false&runModule=true&excludeSource=true&sourcePaths=url-server
04-30 15:41:54.882  5427  5455 E unknown:ReactNative: 
04-30 15:41:54.882  5427  5455 E unknown:ReactNative: Body:
04-30 15:41:54.884  5427  5455 E unknown:ReactNative: {"originModulePath":"C:\\VAApp\\app.js","targetModuleName":"./src/navigation","message":"Unable to resolve module ./src/navigation from C:\\VAApp\\app.js: \n\nNone of these files exist:\n  * src\\navigation(.android.js|.native.js|.js|.android.jsx|.native.jsx|.jsx|.android.json|.native.json|.json|.android.ts|.native.ts|.ts|.android.tsx|.native.tsx|.tsx)\n  * src\\navigation\\index(.android.js|.native.js|.js|.android.jsx|.native.jsx|.jsx|.android.json|.native.json|.json|.android.ts|.native.ts|.ts|.android.tsx|.native.tsx|.tsx)\n\u001b[0m \u001b[90m 1 |\u001b[39m \u001b[36mimport\u001b[39m \u001b[33mReact\u001b[39m \u001b[36mfrom\u001b[39m \u001b[32m'react'\u001b[39m\u001b[33m;\u001b[39m\n \u001b[90m 2 |\u001b[39m \u001b[36mimport\u001b[39m { \u001b[33mGestureHandlerRootView\u001b[39m } \u001b[36mfrom\u001b[39m \u001b[32m'react-native-gesture-handler'\u001b[39m\u001b[33m;\u001b[39m\n\u001b[31m\u001b[1m>\u001b[22m\u001b[39m\u001b[90m 3 |\u001b[39m \u001b[36mimport\u001b[39m \u001b[33mNavigation\u001b[39m \u001b[36mfrom\u001b[39m \u001b[32m'./src/navigation'\u001b[39m\u001b[33m;\u001b[39m \u001b[90m// 👈 make sure this path is correct\u001b[39m\n \u001b[90m   |\u001b[39m                         \u001b[31m\u001b[1m^\u001b[22m\u001b[39m\n \u001b[90m 4 |\u001b[39m\n \u001b[90m 5 |\u001b[39m \u001b[36mexport\u001b[39m \u001b[36mdefault\u001b[39m \u001b[36mfunction\u001b[39m \u001b[33mApp\u001b[39m() {\n \u001b[90m 6 |\u001b[39m   \u001b[36mreturn\u001b[39m (\u001b[0m","cause":{"candidates":{"file":{"type":"sourceFile","filePathPrefix":"src\\navigation","candidateExts":["",".android.js",".native.js",".js",".android.jsx",".native.jsx",".jsx",".android.json",".native.json",".json",".android.ts",".native.ts",".ts",".android.tsx",".native.tsx",".tsx"]},"dir":{"type":"sourceFile","filePathPrefix":"src\\navigation\\index","candidateExts":["",".android.js",".native.js",".js",".android.jsx",".native.jsx",".jsx",".android.json",".native.json",".json",".android.ts",".native.ts",".ts",".android.tsx",".native.tsx",".tsx"]}},"name":"Error","message":"The module could not be resolved because none of these files exist:\n\n  * C:\\VAApp\\src\\navigation(.android.js|.native.js|.js|.android.jsx|.native.jsx|.jsx|.android.json|.native.json|.json|.android.ts|.native.ts|.ts|.android.tsx|.native.tsx|.tsx)\n  * C:\\VAApp\\src\\navigation\\index(.android.js|.native.js|.js|.android.jsx|.native.jsx|.jsx|.android.json|.native.json|.json|.android.ts|.native.ts|.ts|.android.tsx|.native.tsx|.tsx)","stack":"Error: The module could not be resolved because none of these files exist:\n\n  * C:\\VAApp\\src\\navigation(.android.js|.native.js|.js|.android.jsx|.native.jsx|.jsx|.android.json|.native.json|.json|.android.ts|.native.ts|.ts|.android.tsx|.native.tsx|.tsx)\n  * C:\\VAApp\\src\\navigation\\index(.android.js|.native.js|.js|.android.jsx|.native.jsx|.jsx|.android.json|.native.json|.json|.android.ts|.native.ts|.ts|.android.tsx|.native.tsx|.tsx)\n    at Object.resolve (C:\\VAApp\\node_modules\\metro-resolver\\src\\resolve.js:48:13)\n    at ModuleResolver.resolveDependency (C:\\VAApp\\node_modules\\metro\\src\\node-haste\\DependencyGraph\\ModuleResolution.js:74:31)\n    at DependencyGraph.resolveDependency (C:\\VAApp\\node_modules\\metro\\src\\node-haste\\DependencyGraph.js:239:43)\n    at C:\\VAApp\\node_modules\\metro\\src\\lib\\transformHelpers.js:165:21\n    at resolveDependencies (C:\\VAApp\\node_modules\\metro\\src\\DeltaBundler\\buildSubgraph.js:42:25)\n    at visit (C:\\VAApp\\node_modules\\metro\\src\\DeltaBundler\\buildSubgraph.js:83:30)\n    at async Promise.all (index 0)\n    at async visit (C:\\VAApp\\node_modules\\metro\\src\\DeltaBundler\\buildSubgraph.js:92:5)\n    at async Promise.all (index 0)\n    at async buildSubgraph (C:\\VAApp\\node_modules\\metro\\src\\DeltaBundler\\buildSubgraph.js:103:3)"},"name":"Error","stack":"Error: Unable to resolve module ./src/navigation from C:\\VAApp\\app.js: \n\nNone of these files exist:\n  * src\\navigation(.android.js|.native.js
04-30 15:41:54.885  5427  5455 E unknown:ReactNative: 	at com.facebook.react.devsupport.BundleDownloader.processBundleResult(BundleDownloader.java:265)
04-30 15:41:54.885  5427  5455 E unknown:ReactNative: 	at com.facebook.react.devsupport.BundleDownloader.-$$Nest$mprocessBundleResult(Unknown Source:0)
04-30 15:41:54.885  5427  5455 E unknown:ReactNative: 	at com.facebook.react.devsupport.BundleDownloader$2.onChunkComplete(BundleDownloader.java:194)
04-30 15:41:54.885  5427  5455 E unknown:ReactNative: 	at com.facebook.react.devsupport.MultipartStreamReader.emitChunk(MultipartStreamReader.java:70)
04-30 15:41:54.885  5427  5455 E unknown:ReactNative: 	at com.facebook.react.devsupport.MultipartStreamReader.readAllParts(MultipartStreamReader.java:152)
04-30 15:41:54.885  5427  5455 E unknown:ReactNative: 	at com.facebook.react.devsupport.BundleDownloader.processMultipartResponse(BundleDownloader.java:178)
04-30 15:41:54.885  5427  5455 E unknown:ReactNative: 	at com.facebook.react.devsupport.BundleDownloader.-$$Nest$mprocessMultipartResponse(Unknown Source:0)
04-30 15:41:54.885  5427  5455 E unknown:ReactNative: 	at com.facebook.react.devsupport.BundleDownloader$1.onResponse(BundleDownloader.java:146)
04-30 15:41:54.885  5427  5455 E unknown:ReactNative: 	at okhttp3.internal.connection.RealCall$AsyncCall.run(RealCall.kt:519)
04-30 15:41:54.885  5427  5455 E unknown:ReactNative: 	at java.util.concurrent.ThreadPoolExecutor.runWorker(ThreadPoolExecutor.java:1137)
04-30 15:41:54.885  5427  5455 E unknown:ReactNative: 	at java.util.concurrent.ThreadPoolExecutor$Worker.run(ThreadPoolExecutor.java:637)
04-30 15:41:54.885  5427  5455 E unknown:ReactNative: 	at java.lang.Thread.run(Thread.java:1012)
04-30 15:41:54.902  5427  5427 E unknown:ReactNative: Exception in native call
04-30 15:41:54.902  5427  5427 E unknown:ReactNative: com.facebook.react.common.DebugServerException: The development server returned response error code: 500
04-30 15:41:54.902  5427  5427 E unknown:ReactNative: 
04-30 15:41:54.902  5427  5427 E unknown:ReactNative: URL: http://10.0.2.2:8081/index.bundle?platform=android&dev=true&lazy=true&minify=false&app=com.volunteerambulanceapp&modulesOnly=false&runModule=true&excludeSource=true&sourcePaths=url-server
04-30 15:41:54.902  5427  5427 E unknown:ReactNative: 
04-30 15:41:54.902  5427  5427 E unknown:ReactNative: Body:
04-30 15:41:54.902  5427  5427 E unknown:ReactNative: {"originModulePath":"C:\\VAApp\\app.js","targetModuleName":"./src/navigation","message":"Unable to resolve module ./src/navigation from C:\\VAApp\\app.js: \n\nNone of these files exist:\n  * src\\navigation(.android.js|.native.js|.js|.android.jsx|.native.jsx|.jsx|.android.json|.native.json|.json|.android.ts|.native.ts|.ts|.android.tsx|.native.tsx|.tsx)\n  * src\\navigation\\index(.android.js|.native.js|.js|.android.jsx|.native.jsx|.jsx|.android.json|.native.json|.json|.android.ts|.native.ts|.ts|.android.tsx|.native.tsx|.tsx)\n\u001b[0m \u001b[90m 1 |\u001b[39m \u001b[36mimport\u001b[39m \u001b[33mReact\u001b[39m \u001b[36mfrom\u001b[39m \u001b[32m'react'\u001b[39m\u001b[33m;\u001b[39m\n \u001b[90m 2 |\u001b[39m \u001b[36mimport\u001b[39m { \u001b[33mGestureHandlerRootView\u001b[39m } \u001b[36mfrom\u001b[39m \u001b[32m'react-native-gesture-handler'\u001b[39m\u001b[33m;\u001b[39m\n\u001b[31m\u001b[1m>\u001b[22m\u001b[39m\u001b[90m 3 |\u001b[39m \u001b[36mimport\u001b[39m \u001b[33mNavigation\u001b[39m \u001b[36mfrom\u001b[39m \u001b[32m'./src/navigation'\u001b[39m\u001b[33m;\u001b[39m \u001b[90m// 👈 make sure this path is correct\u001b[39m\n \u001b[90m   |\u001b[39m                         \u001b[31m\u001b[1m^\u001b[22m\u001b[39m\n \u001b[90m 4 |\u001b[39m\n \u001b[90m 5 |\u001b[39m \u001b[36mexport\u001b[39m \u001b[36mdefault\u001b[39m \u001b[36mfunction\u001b[39m \u001b[33mApp\u001b[39m() {\n \u001b[90m 6 |\u001b[39m   \u001b[36mreturn\u001b[39m (\u001b[0m","cause":{"candidates":{"file":{"type":"sourceFile","filePathPrefix":"src\\navigation","candidateExts":["",".android.js",".native.js",".js",".android.jsx",".native.jsx",".jsx",".android.json",".native.json",".json",".android.ts",".native.ts",".ts",".android.tsx",".native.tsx",".tsx"]},"dir":{"type":"sourceFile","filePathPrefix":"src\\navigation\\index","candidateExts":["",".android.js",".native.js",".js",".android.jsx",".native.jsx",".jsx",".android.json",".native.json",".json",".android.ts",".native.ts",".ts",".android.tsx",".native.tsx",".tsx"]}},"name":"Error","message":"The module could not be resolved because none of these files exist:\n\n  * C:\\VAApp\\src\\navigation(.android.js|.native.js|.js|.android.jsx|.native.jsx|.jsx|.android.json|.native.json|.json|.android.ts|.native.ts|.ts|.android.tsx|.native.tsx|.tsx)\n  * C:\\VAApp\\src\\navigation\\index(.android.js|.native.js|.js|.android.jsx|.native.jsx|.jsx|.android.json|.native.json|.json|.android.ts|.native.ts|.ts|.android.tsx|.native.tsx|.tsx)","stack":"Error: The module could not be resolved because none of these files exist:\n\n  * C:\\VAApp\\src\\navigation(.android.js|.native.js|.js|.android.jsx|.native.jsx|.jsx|.android.json|.native.json|.json|.android.ts|.native.ts|.ts|.android.tsx|.native.tsx|.tsx)\n  * C:\\VAApp\\src\\navigation\\index(.android.js|.native.js|.js|.android.jsx|.native.jsx|.jsx|.android.json|.native.json|.json|.android.ts|.native.ts|.ts|.android.tsx|.native.tsx|.tsx)\n    at Object.resolve (C:\\VAApp\\node_modules\\metro-resolver\\src\\resolve.js:48:13)\n    at ModuleResolver.resolveDependency (C:\\VAApp\\node_modules\\metro\\src\\node-haste\\DependencyGraph\\ModuleResolution.js:74:31)\n    at DependencyGraph.resolveDependency (C:\\VAApp\\node_modules\\metro\\src\\node-haste\\DependencyGraph.js:239:43)\n    at C:\\VAApp\\node_modules\\metro\\src\\lib\\transformHelpers.js:165:21\n    at resolveDependencies (C:\\VAApp\\node_modules\\metro\\src\\DeltaBundler\\buildSubgraph.js:42:25)\n    at visit (C:\\VAApp\\node_modules\\metro\\src\\DeltaBundler\\buildSubgraph.js:83:30)\n    at async Promise.all (index 0)\n    at async visit (C:\\VAApp\\node_modules\\metro\\src\\DeltaBundler\\buildSubgraph.js:92:5)\n    at async Promise.all (index 0)\n    at async buildSubgraph (C:\\VAApp\\node_modules\\metro\\src\\DeltaBundler\\buildSubgraph.js:103:3)"},"name":"Error","stack":"Error: Unable to resolve module ./src/navigation from C:\\VAApp\\app.js: \n\nNone of these files exist:\n  * src\\navigation(.android.js|.native.js
04-30 15:41:54.902  5427  5427 E unknown:ReactNative: 	at com.facebook.react.devsupport.BundleDownloader.processBundleResult(BundleDownloader.java:265)
04-30 15:41:54.902  5427  5427 E unknown:ReactNative: 	at com.facebook.react.devsupport.BundleDownloader.-$$Nest$mprocessBundleResult(Unknown Source:0)
04-30 15:41:54.902  5427  5427 E unknown:ReactNative: 	at com.facebook.react.devsupport.BundleDownloader$2.onChunkComplete(BundleDownloader.java:194)
04-30 15:41:54.902  5427  5427 E unknown:ReactNative: 	at com.facebook.react.devsupport.MultipartStreamReader.emitChunk(MultipartStreamReader.java:70)
04-30 15:41:54.902  5427  5427 E unknown:ReactNative: 	at com.facebook.react.devsupport.MultipartStreamReader.readAllParts(MultipartStreamReader.java:152)
04-30 15:41:54.902  5427  5427 E unknown:ReactNative: 	at com.facebook.react.devsupport.BundleDownloader.processMultipartResponse(BundleDownloader.java:178)
04-30 15:41:54.902  5427  5427 E unknown:ReactNative: 	at com.facebook.react.devsupport.BundleDownloader.-$$Nest$mprocessMultipartResponse(Unknown Source:0)
04-30 15:41:54.902  5427  5427 E unknown:ReactNative: 	at com.facebook.react.devsupport.BundleDownloader$1.onResponse(BundleDownloader.java:146)
04-30 15:41:54.902  5427  5427 E unknown:ReactNative: 	at okhttp3.internal.connection.RealCall$AsyncCall.run(RealCall.kt:519)
04-30 15:41:54.902  5427  5427 E unknown:ReactNative: 	at java.util.concurrent.ThreadPoolExecutor.runWorker(ThreadPoolExecutor.java:1137)
04-30 15:41:54.902  5427  5427 E unknown:ReactNative: 	at java.util.concurrent.ThreadPoolExecutor$Worker.run(ThreadPoolExecutor.java:637)
04-30 15:41:54.902  5427  5427 E unknown:ReactNative: 	at java.lang.Thread.run(Thread.java:1012)
04-30 15:57:00.158  5427  5427 W unknown:ReactNative: Packager connection already open, nooping.
04-30 15:57:00.597  5427  6282 W unknown:ViewManagerPropertyUpdater: Could not find generated setter for class com.reactnativecommunity.picker.ReactDialogPickerManager
04-30 15:57:00.598  5427  6282 W unknown:ViewManagerPropertyUpdater: Could not find generated setter for class com.reactnativecommunity.picker.ReactPickerShadowNode
04-30 15:57:00.599  5427  6282 W unknown:ViewManagerPropertyUpdater: Could not find generated setter for class com.reactnativecommunity.picker.ReactDropdownPickerManager
04-30 15:57:00.905  5427  6282 I ReactNativeJS: Running "VolunteerAmbulanceApp" with {"rootTag":11,"initialProps":{},"fabric":true}
04-30 15:57:01.117  5427  6282 E ReactNativeJS: 'Invariant Violation: TurboModuleRegistry.getEnforcing(...): \'RNGestureHandlerModule\' could not be found. Verify that a module by this name is registered in the native binary., js engine: hermes', { [Component Stack] name: 'Component Stack' }
04-30 15:57:01.148  5427  6282 E ReactNativeJS: 'Invariant Violation: TurboModuleRegistry.getEnforcing(...): \'RNGestureHandlerModule\' could not be found. Verify that a module by this name is registered in the native binary., js engine: hermes', { [Component Stack] name: 'Component Stack' }
04-30 15:57:01.168  5427  6282 W ReactNativeJS: Warning: TypeError: Cannot read property 'GestureHandlerRootView' of undefined
04-30 15:57:01.168  5427  6282 W ReactNativeJS: 
04-30 15:57:01.168  5427  6282 W ReactNativeJS: This error is located at:
04-30 15:57:01.168  5427  6282 W ReactNativeJS:     at App (http://10.0.2.2:8081/index.bundle//&platform=android&dev=true&lazy=true&minify=false&app=com.volunteerambulanceapp&modulesOnly=false&runModule=true&excludeSource=true&sourcePaths=url-server:99074:108)
04-30 15:57:01.168  5427  6282 W ReactNativeJS:     at RCTView (<anonymous>)
04-30 15:57:01.168  5427  6282 W ReactNativeJS:     at View (http://10.0.2.2:8081/index.bundle//&platform=android&dev=true&lazy=true&minify=false&app=com.volunteerambulanceapp&modulesOnly=false&runModule=true&excludeSource=true&sourcePaths=url-server:52561:43)
04-30 15:57:01.168  5427  6282 W ReactNativeJS:     at RCTView (<anonymous>)
04-30 15:57:01.168  5427  6282 W ReactNativeJS:     at View (http://10.0.2.2:8081/index.bundle//&platform=android&dev=true&lazy=true&minify=false&app=com.volunteerambulanceapp&modulesOnly=false&runModule=true&excludeSource=true&sourcePaths=url-server:52561:43)
04-30 15:57:01.168  5427  6282 W ReactNativeJS:     at AppContainer (http://10.0.2.2:8081/index.bundle//&platform=android&dev=true&lazy=true&minify=false&app=com.volunteerambulanceapp&modulesOnly=false&runModule=true&excludeSource=true&sourcePaths=url-server:52450:25)
04-30 15:57:01.168  5427  6282 W ReactNativeJS:     at VolunteerAmbulanceApp(RootComponent) (http://10.0.2.2:8081/index.bundle//&platform=android&dev=true&lazy=true&minify=false&app=com.volunteerambulanceapp&modulesOnly=false&runModule=true&excludeSource=true&sourcePaths=url-server:69615:28), js engine: hermes
04-30 15:58:03.978  5427  5427 I ReactNativeJNI: Error occurred, shutting down websocket connection: WebSocket exception <Unknown error>
04-30 15:58:03.979  5427  5427 W ReactNativeJNI: Couldn't connect to packager, will silently retry
05-01 09:43:11.404  5427  5427 I ReactNativeJNI: Error occurred, shutting down websocket connection: WebSocket exception <Unknown error>
05-01 12:52:23.833  5427  5427 I ReactNativeJNI: Error occurred, shutting down websocket connection: WebSocket exception <Unknown error>
05-01 13:29:37.015  5427  5427 I ReactNativeJNI: Error occurred, shutting down websocket connection: WebSocket exception <Unknown error>
05-01 13:48:36.469  5427  5427 I ReactNativeJNI: Error occurred, shutting down websocket connection: WebSocket exception <Unknown error>
05-01 15:05:12.426  9719  9719 D jni_lib_merge: Preparing to register libreactnativeblob_so.  onload_func: 0x7e4b1e1f62a0
05-01 15:05:12.426  9719  9719 D jni_lib_merge: Preparing to register libreactnativejni_so.  onload_func: 0x7e4b1e252c20
05-01 15:05:12.484  9719  9719 D jni_lib_merge: Preparing to register libreactnativeblob_so.  onload_func: 0x7e4b1e1f62a0
05-01 15:05:12.484  9719  9719 D jni_lib_merge: Preparing to register libreactnativejni_so.  onload_func: 0x7e4b1e252c20
05-01 15:05:12.514  9719  9719 D jni_lib_merge: Preparing to register libreactnativeblob_so.  onload_func: 0x7e4b1e1f62a0
05-01 15:05:12.514  9719  9719 D jni_lib_merge: Preparing to register libreactnativejni_so.  onload_func: 0x7e4b1e252c20
05-01 15:05:13.364  9719  9719 W unknown:ReactNative: Packager connection already open, nooping.
05-01 15:05:16.792  9719  9719 W unknown:ReactNative: Packager connection already open, nooping.
05-01 15:05:18.138  9719  9760 W unknown:ViewManagerPropertyUpdater: Could not find generated setter for class com.reactnativecommunity.picker.ReactDialogPickerManager
05-01 15:05:18.140  9719  9760 W unknown:ViewManagerPropertyUpdater: Could not find generated setter for class com.reactnativecommunity.picker.ReactPickerShadowNode
05-01 15:05:18.141  9719  9760 W unknown:ViewManagerPropertyUpdater: Could not find generated setter for class com.reactnativecommunity.picker.ReactDropdownPickerManager
05-01 15:05:18.827  9719  9760 I ReactNativeJS: Running "VolunteerAmbulanceApp" with {"rootTag":11,"initialProps":{},"fabric":true}
05-01 15:05:19.425  9719  9760 E ReactNativeJS: 'Invariant Violation: TurboModuleRegistry.getEnforcing(...): \'RNGestureHandlerModule\' could not be found. Verify that a module by this name is registered in the native binary., js engine: hermes', { [Component Stack] name: 'Component Stack' }
05-01 15:05:19.481  9719  9760 E ReactNativeJS: 'Invariant Violation: TurboModuleRegistry.getEnforcing(...): \'RNGestureHandlerModule\' could not be found. Verify that a module by this name is registered in the native binary., js engine: hermes', { [Component Stack] name: 'Component Stack' }
05-01 15:05:19.511  9719  9760 W ReactNativeJS: Warning: TypeError: Cannot read property 'GestureHandlerRootView' of undefined
05-01 15:05:19.511  9719  9760 W ReactNativeJS: 
05-01 15:05:19.511  9719  9760 W ReactNativeJS: This error is located at:
05-01 15:05:19.511  9719  9760 W ReactNativeJS:     at App (http://10.0.2.2:8081/index.bundle//&platform=android&dev=true&lazy=true&minify=false&app=com.volunteerambulanceapp&modulesOnly=false&runModule=true&excludeSource=true&sourcePaths=url-server:99074:108)
05-01 15:05:19.511  9719  9760 W ReactNativeJS:     at RCTView (<anonymous>)
05-01 15:05:19.511  9719  9760 W ReactNativeJS:     at View (http://10.0.2.2:8081/index.bundle//&platform=android&dev=true&lazy=true&minify=false&app=com.volunteerambulanceapp&modulesOnly=false&runModule=true&excludeSource=true&sourcePaths=url-server:52561:43)
05-01 15:05:19.511  9719  9760 W ReactNativeJS:     at RCTView (<anonymous>)
05-01 15:05:19.511  9719  9760 W ReactNativeJS:     at View (http://10.0.2.2:8081/index.bundle//&platform=android&dev=true&lazy=true&minify=false&app=com.volunteerambulanceapp&modulesOnly=false&runModule=true&excludeSource=true&sourcePaths=url-server:52561:43)
05-01 15:05:19.511  9719  9760 W ReactNativeJS:     at AppContainer (http://10.0.2.2:8081/index.bundle//&platform=android&dev=true&lazy=true&minify=false&app=com.volunteerambulanceapp&modulesOnly=false&runModule=true&excludeSource=true&sourcePaths=url-server:52450:25)
05-01 15:05:19.511  9719  9760 W ReactNativeJS:     at VolunteerAmbulanceApp(RootComponent) (http://10.0.2.2:8081/index.bundle//&platform=android&dev=true&lazy=true&minify=false&app=com.volunteerambulanceapp&modulesOnly=false&runModule=true&excludeSource=true&sourcePaths=url-server:69615:28), js engine: hermes
05-01 15:06:51.034  9719  9719 I ReactNativeJNI: Error occurred, shutting down websocket connection: WebSocket exception Connection reset
05-01 15:06:51.034  9719  9719 W ReactNativeJNI: Couldn't connect to packager, will silently retry
05-01 15:06:51.038  9719  9760 W ReactNativeJS: Cannot connect to Metro.
05-01 15:06:51.038  9719  9760 W ReactNativeJS: 
05-01 15:06:51.038  9719  9760 W ReactNativeJS: Try the following to fix the issue:
05-01 15:06:51.038  9719  9760 W ReactNativeJS: - Ensure that Metro is running and available on the same network
05-01 15:06:51.038  9719  9760 W ReactNativeJS: - Ensure that your device/emulator is connected to your machine and has USB debugging enabled - run 'adb devices' to see a list of connected devices
05-01 15:06:51.038  9719  9760 W ReactNativeJS: - If you're on a physical device connected to the same machine, run 'adb reverse tcp:8081 tcp:8081' to forward requests from your device
05-01 15:06:51.038  9719  9760 W ReactNativeJS: - If your device is on the same Wi-Fi network, set 'Debug server host & port for device' in 'Dev settings' to your machine's IP address and the port of the local dev server - e.g. 10.0.1.1:8081
05-01 15:06:51.038  9719  9760 W ReactNativeJS: 
05-01 15:06:51.038  9719  9760 W ReactNativeJS: URL: 10.0.2.2:8081
05-01 15:06:51.038  9719  9760 W ReactNativeJS: 
05-01 15:06:51.038  9719  9760 W ReactNativeJS: Error: Connection reset
05-01 15:07:03.088  9719  9719 I ReactNativeJNI: Error occurred, shutting down websocket connection: WebSocket exception failed to connect to /10.0.2.2 (port 8081) from /10.0.2.16 (port 48938) after 10000ms
05-01 15:08:54.615  9969  9969 D jni_lib_merge: Preparing to register libreactnativeblob_so.  onload_func: 0x7e4b1f8822a0
05-01 15:08:54.616  9969  9969 D jni_lib_merge: Preparing to register libreactnativejni_so.  onload_func: 0x7e4b1f8dec20
05-01 15:08:54.638  9969  9969 D jni_lib_merge: Preparing to register libreactnativeblob_so.  onload_func: 0x7e4b1f8822a0
05-01 15:08:54.638  9969  9969 D jni_lib_merge: Preparing to register libreactnativejni_so.  onload_func: 0x7e4b1f8dec20
05-01 15:08:54.660  9969  9969 D jni_lib_merge: Preparing to register libreactnativeblob_so.  onload_func: 0x7e4b1f8822a0
05-01 15:08:54.660  9969  9969 D jni_lib_merge: Preparing to register libreactnativejni_so.  onload_func: 0x7e4b1f8dec20
05-01 15:08:56.234  9969  9969 W unknown:ReactNative: Packager connection already open, nooping.
05-01 15:09:16.677  9969  9969 W unknown:ReactNative: Packager connection already open, nooping.
05-01 15:09:18.171  9969 10025 W unknown:ViewManagerPropertyUpdater: Could not find generated setter for class com.reactnativecommunity.picker.ReactDialogPickerManager
05-01 15:09:18.172  9969 10025 W unknown:ViewManagerPropertyUpdater: Could not find generated setter for class com.reactnativecommunity.picker.ReactPickerShadowNode
05-01 15:09:18.174  9969 10025 W unknown:ViewManagerPropertyUpdater: Could not find generated setter for class com.reactnativecommunity.picker.ReactDropdownPickerManager
05-01 15:09:18.606  9969 10025 I ReactNativeJS: Running "VolunteerAmbulanceApp" with {"rootTag":11,"initialProps":{},"fabric":true}
05-01 15:09:18.906  9969 10025 E ReactNativeJS: 'Invariant Violation: TurboModuleRegistry.getEnforcing(...): \'RNGestureHandlerModule\' could not be found. Verify that a module by this name is registered in the native binary., js engine: hermes', { [Component Stack] name: 'Component Stack' }
05-01 15:09:18.978  9969 10025 E ReactNativeJS: 'Invariant Violation: TurboModuleRegistry.getEnforcing(...): \'RNGestureHandlerModule\' could not be found. Verify that a module by this name is registered in the native binary., js engine: hermes', { [Component Stack] name: 'Component Stack' }
05-01 15:09:19.017  9969 10025 W ReactNativeJS: Warning: TypeError: Cannot read property 'GestureHandlerRootView' of undefined
05-01 15:09:19.017  9969 10025 W ReactNativeJS: 
05-01 15:09:19.017  9969 10025 W ReactNativeJS: This error is located at:
05-01 15:09:19.017  9969 10025 W ReactNativeJS:     at App (http://10.0.2.2:8081/index.bundle//&platform=android&dev=true&lazy=true&minify=false&app=com.volunteerambulanceapp&modulesOnly=false&runModule=true&excludeSource=true&sourcePaths=url-server:99067:108)
05-01 15:09:19.017  9969 10025 W ReactNativeJS:     at RCTView (<anonymous>)
05-01 15:09:19.017  9969 10025 W ReactNativeJS:     at View (http://10.0.2.2:8081/index.bundle//&platform=android&dev=true&lazy=true&minify=false&app=com.volunteerambulanceapp&modulesOnly=false&runModule=true&excludeSource=true&sourcePaths=url-server:52561:43)
05-01 15:09:19.017  9969 10025 W ReactNativeJS:     at RCTView (<anonymous>)
05-01 15:09:19.017  9969 10025 W ReactNativeJS:     at View (http://10.0.2.2:8081/index.bundle//&platform=android&dev=true&lazy=true&minify=false&app=com.volunteerambulanceapp&modulesOnly=false&runModule=true&excludeSource=true&sourcePaths=url-server:52561:43)
05-01 15:09:19.017  9969 10025 W ReactNativeJS:     at AppContainer (http://10.0.2.2:8081/index.bundle//&platform=android&dev=true&lazy=true&minify=false&app=com.volunteerambulanceapp&modulesOnly=false&runModule=true&excludeSource=true&sourcePaths=url-server:52450:25)
05-01 15:09:19.017  9969 10025 W ReactNativeJS:     at VolunteerAmbulanceApp(RootComponent) (http://10.0.2.2:8081/index.bundle//&platform=android&dev=true&lazy=true&minify=false&app=com.volunteerambulanceapp&modulesOnly=false&runModule=true&excludeSource=true&sourcePaths=url-server:69615:28), js engine: hermes
